2023-02-15 16:44:40.333 [main] INFO  org.Main.Main - Case 0 is choosed i.e., multiThreading is choosen
2023-02-15 16:44:41.664 [main] INFO  org.Main.Main - User selected 33-Number of Consumer Threads
2023-02-15 16:44:41.669 [Thread-0] INFO  QueueRepresentation.ProducerForQueue - Producer Thread started
2023-02-15 16:44:41.670 [Thread-6] INFO  QueueRepresentation.ConsumerForQueue - Consumer Thread -> Thread-6 started
2023-02-15 16:44:41.669 [Thread-4] INFO  QueueRepresentation.ConsumerForQueue - Consumer Thread -> Thread-4 started
2023-02-15 16:44:41.670 [Thread-3] INFO  QueueRepresentation.ConsumerForQueue - Consumer Thread -> Thread-3 started
2023-02-15 16:44:41.670 [Thread-0] INFO  QueueRepresentation.ProducerForQueue - Producer Thread started pushing files into queue
2023-02-15 16:44:41.669 [Thread-2] INFO  QueueRepresentation.ConsumerForQueue - Consumer Thread -> Thread-2 started
2023-02-15 16:44:41.670 [Thread-7] INFO  QueueRepresentation.ConsumerForQueue - Consumer Thread -> Thread-7 started
2023-02-15 16:44:41.670 [Thread-8] INFO  QueueRepresentation.ConsumerForQueue - Consumer Thread -> Thread-8 started
2023-02-15 16:44:41.669 [Thread-1] INFO  QueueRepresentation.ConsumerForQueue - Consumer Thread -> Thread-1 started
2023-02-15 16:44:41.670 [Thread-0] INFO  QueueRepresentation.ProducerForQueue - Producer Thread stopped pushing files into queue, as all the files are pushed into queue
2023-02-15 16:44:41.670 [Thread-9] INFO  QueueRepresentation.ConsumerForQueue - Consumer Thread -> Thread-9 started
2023-02-15 16:44:41.671 [Thread-0] INFO  QueueRepresentation.ProducerForQueue - Producer Thread ended
2023-02-15 16:44:41.669 [Thread-5] INFO  QueueRepresentation.ConsumerForQueue - Consumer Thread -> Thread-5 started
2023-02-15 16:44:41.671 [Thread-10] INFO  QueueRepresentation.ConsumerForQueue - Consumer Thread -> Thread-10 started
2023-02-15 16:44:41.674 [Thread-11] INFO  QueueRepresentation.ConsumerForQueue - Consumer Thread -> Thread-11 started
2023-02-15 16:44:41.674 [Thread-14] INFO  QueueRepresentation.ConsumerForQueue - Consumer Thread -> Thread-14 started
2023-02-15 16:44:41.674 [Thread-13] INFO  QueueRepresentation.ConsumerForQueue - Consumer Thread -> Thread-13 started
2023-02-15 16:44:41.674 [Thread-12] INFO  QueueRepresentation.ConsumerForQueue - Consumer Thread -> Thread-12 started
2023-02-15 16:44:41.675 [Thread-15] INFO  QueueRepresentation.ConsumerForQueue - Consumer Thread -> Thread-15 started
2023-02-15 16:44:41.675 [Thread-16] INFO  QueueRepresentation.ConsumerForQueue - Consumer Thread -> Thread-16 started
2023-02-15 16:44:41.675 [Thread-17] INFO  QueueRepresentation.ConsumerForQueue - Consumer Thread -> Thread-17 started
2023-02-15 16:44:41.675 [Thread-18] INFO  QueueRepresentation.ConsumerForQueue - Consumer Thread -> Thread-18 started
2023-02-15 16:44:41.675 [Thread-19] INFO  QueueRepresentation.ConsumerForQueue - Consumer Thread -> Thread-19 started
2023-02-15 16:44:41.675 [Thread-20] INFO  QueueRepresentation.ConsumerForQueue - Consumer Thread -> Thread-20 started
2023-02-15 16:44:41.676 [Thread-21] INFO  QueueRepresentation.ConsumerForQueue - Consumer Thread -> Thread-21 started
2023-02-15 16:44:41.676 [Thread-22] INFO  QueueRepresentation.ConsumerForQueue - Consumer Thread -> Thread-22 started
2023-02-15 16:44:41.676 [Thread-23] INFO  QueueRepresentation.ConsumerForQueue - Consumer Thread -> Thread-23 started
2023-02-15 16:44:41.678 [Thread-24] INFO  QueueRepresentation.ConsumerForQueue - Consumer Thread -> Thread-24 started
2023-02-15 16:44:41.678 [Thread-25] INFO  QueueRepresentation.ConsumerForQueue - Consumer Thread -> Thread-25 started
2023-02-15 16:44:41.678 [Thread-26] INFO  QueueRepresentation.ConsumerForQueue - Consumer Thread -> Thread-26 started
2023-02-15 16:44:41.678 [Thread-27] INFO  QueueRepresentation.ConsumerForQueue - Consumer Thread -> Thread-27 started
2023-02-15 16:44:41.678 [Thread-28] INFO  QueueRepresentation.ConsumerForQueue - Consumer Thread -> Thread-28 started
2023-02-15 16:44:41.680 [Thread-31] INFO  QueueRepresentation.ConsumerForQueue - Consumer Thread -> Thread-31 started
2023-02-15 16:44:41.680 [Thread-29] INFO  QueueRepresentation.ConsumerForQueue - Consumer Thread -> Thread-29 started
2023-02-15 16:44:41.680 [Thread-30] INFO  QueueRepresentation.ConsumerForQueue - Consumer Thread -> Thread-30 started
2023-02-15 16:44:41.680 [Thread-32] INFO  QueueRepresentation.ConsumerForQueue - Consumer Thread -> Thread-32 started
2023-02-15 16:44:41.680 [Thread-33] INFO  QueueRepresentation.ConsumerForQueue - Consumer Thread -> Thread-33 started
2023-02-15 16:44:41.771 [Thread-1] INFO  QueueRepresentation.ConsumerForQueue - Consumer Thread -> Thread-1 ended
2023-02-15 16:44:41.772 [Thread-4] INFO  QueueRepresentation.ConsumerForQueue - Consumer Thread -> Thread-4 ended
2023-02-15 16:44:41.771 [Thread-9] INFO  QueueRepresentation.ConsumerForQueue - Consumer Thread -> Thread-9 ended
2023-02-15 16:44:41.772 [Thread-10] INFO  QueueRepresentation.ConsumerForQueue - Consumer Thread -> Thread-10 ended
2023-02-15 16:44:41.773 [Thread-5] INFO  QueueRepresentation.ConsumerForQueue - Consumer Thread -> Thread-5 ended
2023-02-15 16:44:41.773 [Thread-7] INFO  QueueRepresentation.ConsumerForQueue - Consumer Thread -> Thread-7 ended
2023-02-15 16:44:41.775 [Thread-14] INFO  QueueRepresentation.ConsumerForQueue - Consumer Thread -> Thread-14 ended
2023-02-15 16:44:41.775 [Thread-11] INFO  QueueRepresentation.ConsumerForQueue - Consumer Thread -> Thread-11 ended
2023-02-15 16:44:41.775 [Thread-12] INFO  QueueRepresentation.ConsumerForQueue - Consumer Thread -> Thread-12 ended
2023-02-15 16:44:41.775 [Thread-13] INFO  QueueRepresentation.ConsumerForQueue - Consumer Thread -> Thread-13 ended
2023-02-15 16:44:41.775 [Thread-15] INFO  QueueRepresentation.ConsumerForQueue - Consumer Thread -> Thread-15 ended
2023-02-15 16:44:41.775 [Thread-16] INFO  QueueRepresentation.ConsumerForQueue - Consumer Thread -> Thread-16 ended
2023-02-15 16:44:41.776 [Thread-17] INFO  QueueRepresentation.ConsumerForQueue - Consumer Thread -> Thread-17 ended
2023-02-15 16:44:41.776 [Thread-18] INFO  QueueRepresentation.ConsumerForQueue - Consumer Thread -> Thread-18 ended
2023-02-15 16:44:41.776 [Thread-19] INFO  QueueRepresentation.ConsumerForQueue - Consumer Thread -> Thread-19 ended
2023-02-15 16:44:41.776 [Thread-20] INFO  QueueRepresentation.ConsumerForQueue - Consumer Thread -> Thread-20 ended
2023-02-15 16:44:41.776 [Thread-21] INFO  QueueRepresentation.ConsumerForQueue - Consumer Thread -> Thread-21 ended
2023-02-15 16:44:41.776 [Thread-22] INFO  QueueRepresentation.ConsumerForQueue - Consumer Thread -> Thread-22 ended
2023-02-15 16:44:41.776 [Thread-23] INFO  QueueRepresentation.ConsumerForQueue - Consumer Thread -> Thread-23 ended
2023-02-15 16:44:41.778 [Thread-25] INFO  QueueRepresentation.ConsumerForQueue - Consumer Thread -> Thread-25 ended
2023-02-15 16:44:41.779 [Thread-28] INFO  QueueRepresentation.ConsumerForQueue - Consumer Thread -> Thread-28 ended
2023-02-15 16:44:41.778 [Thread-26] INFO  QueueRepresentation.ConsumerForQueue - Consumer Thread -> Thread-26 ended
2023-02-15 16:44:41.778 [Thread-24] INFO  QueueRepresentation.ConsumerForQueue - Consumer Thread -> Thread-24 ended
2023-02-15 16:44:41.780 [Thread-29] INFO  QueueRepresentation.ConsumerForQueue - Consumer Thread -> Thread-29 ended
2023-02-15 16:44:41.780 [Thread-30] INFO  QueueRepresentation.ConsumerForQueue - Consumer Thread -> Thread-30 ended
2023-02-15 16:44:41.780 [Thread-31] INFO  QueueRepresentation.ConsumerForQueue - Consumer Thread -> Thread-31 ended
2023-02-15 16:44:41.781 [Thread-32] INFO  QueueRepresentation.ConsumerForQueue - Consumer Thread -> Thread-32 ended
2023-02-15 16:44:41.786 [Thread-27] INFO  QueueRepresentation.ConsumerForQueue - Consumer Thread -> Thread-27 ended
2023-02-15 16:44:41.786 [Thread-33] INFO  QueueRepresentation.ConsumerForQueue - Consumer Thread -> Thread-33 ended
2023-02-15 16:44:41.796 [Thread-3] INFO  QueueRepresentation.ConsumerForQueue - Consumer Thread -> Thread-3 ended
2023-02-15 16:44:41.796 [Thread-2] INFO  QueueRepresentation.ConsumerForQueue - Consumer Thread -> Thread-2 ended
2023-02-15 16:44:41.803 [Thread-6] INFO  QueueRepresentation.ConsumerForQueue - Consumer Thread -> Thread-6 ended
2023-02-15 16:44:41.803 [Thread-8] INFO  QueueRepresentation.ConsumerForQueue - Consumer Thread -> Thread-8 ended
